1752722749.675753 notice main.c:193 main(...) 启动 & 最大连接数：redsocks started, conn_max=3072
1752722752.295537 notice redsocks.c:2016 redsocks_accept_client(...) [*] redsocks_accept_client 接受客户端连接
1752722752.295615 notice redsocks.c:2120 redsocks_accept_client(...) [*] 请求连接： 192.168.167.128:60798 -> 183.2.172.17:80
1752722752.295622 notice redsocks.c:1723 redsocks_connect_relay(...) [*] redsocks_connect_relay 连接代理服务器
1752722752.505504 notice redsocks.c:782 redsocks_start_relay(...) [*] redsocks_start_relay  启动中继
1752722752.505548 notice redsocks.c:808 redsocks_start_bufferpump(...) [*] redsocks_start_bufferpump  启动缓冲区泵
1752722752.505556 notice redsocks.c:812 redsocks_start_bufferpump(...) into redsocks_start_bufferpump
1752722752.505561 notice redsocks.c:799 redsocks_start_relay(...) [*] 中继通道已建立
1752722752.505588 notice redsocks.c:357 parse_host_header(...) HTTP : Host header: www.baidu.com -> 183.2.172.17
1752722752.505593 notice redsocks.c:669 redsocks_relay_writecb(...) [*] redsocks_relay_writecb 中继写入回调
1752722752.505597 notice redsocks.c:706 redsocks_relay_relaywritecb(...) [*] redsocks_relay_relaywritecb 中继写入回调包装
1752722752.505599 notice redsocks.c:669 redsocks_relay_writecb(...) [*] redsocks_relay_writecb 中继写入回调
1752722752.505651 notice redsocks.c:706 redsocks_relay_relaywritecb(...) [*] redsocks_relay_relaywritecb 中继写入回调包装
1752722752.505657 notice redsocks.c:669 redsocks_relay_writecb(...) [*] redsocks_relay_writecb 中继写入回调
1752722752.714240 notice redsocks.c:694 redsocks_relay_relayreadcb(...) [*] redsocks_relay_relayreadcb 中继读取回调包装
1752722752.714287 notice redsocks.c:648 redsocks_relay_readcb(...) [*] redsocks_relay_readcb 中继读取回调
1752722752.714384 notice redsocks.c:669 redsocks_relay_writecb(...) [*] redsocks_relay_writecb 中继写入回调
1752722752.714698 notice redsocks.c:1523 redsocks_event_error(...) [*] redsocks_event_error 错误事件回调
1752722752.714729 notice redsocks.c:1449 redsocks_shutdown(...) [*] redsocks_shutdown  关闭连接的一端或两端
1752722752.714739 notice redsocks.c:1449 redsocks_shutdown(...) [*] redsocks_shutdown  关闭连接的一端或两端
1752722752.715242 notice redsocks.c:1523 redsocks_event_error(...) [*] redsocks_event_error 错误事件回调
1752722752.715276 notice redsocks.c:1449 redsocks_shutdown(...) [*] redsocks_shutdown  关闭连接的一端或两端
1752722752.715284 notice redsocks.c:1449 redsocks_shutdown(...) [*] redsocks_shutdown  关闭连接的一端或两端
1752722752.715326 notice redsocks.c:1363 redsocks_drop_client(...) [*] redsocks_drop_client 关闭客户端连接
1752722753.961028 notice main.c:197 main(...) redsocks goes down 结束
1752723446.644323 notice main.c:193 main(...) 启动 & 最大连接数：redsocks started, conn_max=3072
1752723452.880242 notice redsocks.c:2016 redsocks_accept_client(...) [*] redsocks_accept_client 接受客户端连接
1752723452.880309 notice redsocks.c:2120 redsocks_accept_client(...) [*] 请求连接： 192.168.167.128:60258 -> 183.2.172.177:443
1752723452.880317 notice redsocks.c:1723 redsocks_connect_relay(...) [*] redsocks_connect_relay 连接代理服务器
1752723453.098955 notice redsocks.c:782 redsocks_start_relay(...) [*] redsocks_start_relay  启动中继
1752723453.099005 notice redsocks.c:808 redsocks_start_bufferpump(...) [*] redsocks_start_bufferpump  启动缓冲区泵
1752723453.099013 notice redsocks.c:812 redsocks_start_bufferpump(...) into redsocks_start_bufferpump
1752723453.099018 notice redsocks.c:799 redsocks_start_relay(...) [*] 中继通道已建立
1752723453.099046 notice redsocks.c:669 redsocks_relay_writecb(...) [*] redsocks_relay_writecb 中继写入回调
1752723453.099052 notice redsocks.c:706 redsocks_relay_relaywritecb(...) [*] redsocks_relay_relaywritecb 中继写入回调包装
1752723453.099055 notice redsocks.c:669 redsocks_relay_writecb(...) [*] redsocks_relay_writecb 中继写入回调
1752723453.099113 notice redsocks.c:706 redsocks_relay_relaywritecb(...) [*] redsocks_relay_relaywritecb 中继写入回调包装
1752723453.099138 notice redsocks.c:669 redsocks_relay_writecb(...) [*] redsocks_relay_writecb 中继写入回调
1752723453.571154 notice redsocks.c:694 redsocks_relay_relayreadcb(...) [*] redsocks_relay_relayreadcb 中继读取回调包装
1752723453.571188 notice redsocks.c:648 redsocks_relay_readcb(...) [*] redsocks_relay_readcb 中继读取回调
1752723453.571277 notice redsocks.c:669 redsocks_relay_writecb(...) [*] redsocks_relay_writecb 中继写入回调
1752723453.571843 notice redsocks.c:648 redsocks_relay_readcb(...) [*] redsocks_relay_readcb 中继读取回调
1752723453.571900 notice redsocks.c:706 redsocks_relay_relaywritecb(...) [*] redsocks_relay_relaywritecb 中继写入回调包装
1752723453.571908 notice redsocks.c:669 redsocks_relay_writecb(...) [*] redsocks_relay_writecb 中继写入回调
1752723453.572768 notice redsocks.c:694 redsocks_relay_relayreadcb(...) [*] redsocks_relay_relayreadcb 中继读取回调包装
1752723453.572782 notice redsocks.c:648 redsocks_relay_readcb(...) [*] redsocks_relay_readcb 中继读取回调
1752723453.572838 notice redsocks.c:669 redsocks_relay_writecb(...) [*] redsocks_relay_writecb 中继写入回调
1752723453.573154 notice redsocks.c:648 redsocks_relay_readcb(...) [*] redsocks_relay_readcb 中继读取回调
1752723453.573207 notice redsocks.c:706 redsocks_relay_relaywritecb(...) [*] redsocks_relay_relaywritecb 中继写入回调包装
1752723453.573214 notice redsocks.c:669 redsocks_relay_writecb(...) [*] redsocks_relay_writecb 中继写入回调
1752723454.972154 notice redsocks.c:694 redsocks_relay_relayreadcb(...) [*] redsocks_relay_relayreadcb 中继读取回调包装
1752723454.972185 notice redsocks.c:648 redsocks_relay_readcb(...) [*] redsocks_relay_readcb 中继读取回调
1752723454.972260 notice redsocks.c:669 redsocks_relay_writecb(...) [*] redsocks_relay_writecb 中继写入回调
1752723454.972620 notice redsocks.c:648 redsocks_relay_readcb(...) [*] redsocks_relay_readcb 中继读取回调
1752723454.972693 notice redsocks.c:706 redsocks_relay_relaywritecb(...) [*] redsocks_relay_relaywritecb 中继写入回调包装
1752723454.972705 notice redsocks.c:669 redsocks_relay_writecb(...) [*] redsocks_relay_writecb 中继写入回调
1752723454.973141 notice redsocks.c:1523 redsocks_event_error(...) [*] redsocks_event_error 错误事件回调
1752723454.973157 notice redsocks.c:1449 redsocks_shutdown(...) [*] redsocks_shutdown  关闭连接的一端或两端
1752723454.973164 notice redsocks.c:1449 redsocks_shutdown(...) [*] redsocks_shutdown  关闭连接的一端或两端
1752723454.973343 notice redsocks.c:1523 redsocks_event_error(...) [*] redsocks_event_error 错误事件回调
1752723454.973355 notice redsocks.c:1449 redsocks_shutdown(...) [*] redsocks_shutdown  关闭连接的一端或两端
1752723454.973362 notice redsocks.c:1449 redsocks_shutdown(...) [*] redsocks_shutdown  关闭连接的一端或两端
1752723454.973410 notice redsocks.c:1363 redsocks_drop_client(...) [*] redsocks_drop_client 关闭客户端连接
1752723455.036775 notice redsocks.c:2016 redsocks_accept_client(...) [*] redsocks_accept_client 接受客户端连接
1752723455.036830 notice redsocks.c:2120 redsocks_accept_client(...) [*] 请求连接： 192.168.167.128:51264 -> 13.89.179.14:443
1752723455.036837 notice redsocks.c:1723 redsocks_connect_relay(...) [*] redsocks_connect_relay 连接代理服务器
1752723455.511962 notice redsocks.c:782 redsocks_start_relay(...) [*] redsocks_start_relay  启动中继
1752723455.512007 notice redsocks.c:808 redsocks_start_bufferpump(...) [*] redsocks_start_bufferpump  启动缓冲区泵
1752723455.512014 notice redsocks.c:812 redsocks_start_bufferpump(...) into redsocks_start_bufferpump
1752723455.512019 notice redsocks.c:799 redsocks_start_relay(...) [*] 中继通道已建立
1752723455.512046 notice redsocks.c:669 redsocks_relay_writecb(...) [*] redsocks_relay_writecb 中继写入回调
1752723455.512052 notice redsocks.c:706 redsocks_relay_relaywritecb(...) [*] redsocks_relay_relaywritecb 中继写入回调包装
1752723455.512065 notice redsocks.c:669 redsocks_relay_writecb(...) [*] redsocks_relay_writecb 中继写入回调
1752723455.512118 notice redsocks.c:706 redsocks_relay_relaywritecb(...) [*] redsocks_relay_relaywritecb 中继写入回调包装
1752723455.512124 notice redsocks.c:669 redsocks_relay_writecb(...) [*] redsocks_relay_writecb 中继写入回调
1752723456.555651 notice redsocks.c:694 redsocks_relay_relayreadcb(...) [*] redsocks_relay_relayreadcb 中继读取回调包装
1752723456.555703 notice redsocks.c:648 redsocks_relay_readcb(...) [*] redsocks_relay_readcb 中继读取回调
1752723456.555789 notice redsocks.c:669 redsocks_relay_writecb(...) [*] redsocks_relay_writecb 中继写入回调
1752723456.557389 notice redsocks.c:648 redsocks_relay_readcb(...) [*] redsocks_relay_readcb 中继读取回调
1752723456.557433 notice redsocks.c:1523 redsocks_event_error(...) [*] redsocks_event_error 错误事件回调
1752723456.557439 notice redsocks.c:1449 redsocks_shutdown(...) [*] redsocks_shutdown  关闭连接的一端或两端
1752723456.557489 notice redsocks.c:706 redsocks_relay_relaywritecb(...) [*] redsocks_relay_relaywritecb 中继写入回调包装
1752723456.557498 notice redsocks.c:669 redsocks_relay_writecb(...) [*] redsocks_relay_writecb 中继写入回调
1752723456.557501 notice redsocks.c:1449 redsocks_shutdown(...) [*] redsocks_shutdown  关闭连接的一端或两端
1752723456.558189 notice redsocks.c:1523 redsocks_event_error(...) [*] redsocks_event_error 错误事件回调
1752723456.558225 notice redsocks.c:1449 redsocks_shutdown(...) [*] redsocks_shutdown  关闭连接的一端或两端
1752723456.558236 notice redsocks.c:1449 redsocks_shutdown(...) [*] redsocks_shutdown  关闭连接的一端或两端
1752723456.558269 notice redsocks.c:1363 redsocks_drop_client(...) [*] redsocks_drop_client 关闭客户端连接
1752723458.932910 notice main.c:197 main(...) redsocks goes down 结束
1752723554.967678 notice main.c:193 main(...) 启动 & 最大连接数：redsocks started, conn_max=3072
1752723559.851419 notice redsocks.c:2016 redsocks_accept_client(...) [*] redsocks_accept_client 接受客户端连接
1752723559.851465 notice redsocks.c:2120 redsocks_accept_client(...) [*] 请求连接： 192.168.167.128:58246 -> 183.2.172.17:443
1752723559.851472 notice redsocks.c:1723 redsocks_connect_relay(...) [*] redsocks_connect_relay 连接代理服务器
1752723560.234766 notice redsocks.c:782 redsocks_start_relay(...) [*] redsocks_start_relay  启动中继
1752723560.234795 notice redsocks.c:808 redsocks_start_bufferpump(...) [*] redsocks_start_bufferpump  启动缓冲区泵
1752723560.234799 notice redsocks.c:812 redsocks_start_bufferpump(...) into redsocks_start_bufferpump
1752723560.234804 notice redsocks.c:799 redsocks_start_relay(...) [*] 中继通道已建立
1752723560.234830 notice redsocks.c:669 redsocks_relay_writecb(...) [*] redsocks_relay_writecb 中继写入回调
1752723560.234836 notice redsocks.c:706 redsocks_relay_relaywritecb(...) [*] redsocks_relay_relaywritecb 中继写入回调包装
1752723560.234838 notice redsocks.c:669 redsocks_relay_writecb(...) [*] redsocks_relay_writecb 中继写入回调
1752723560.235090 notice redsocks.c:706 redsocks_relay_relaywritecb(...) [*] redsocks_relay_relaywritecb 中继写入回调包装
1752723560.235097 notice redsocks.c:669 redsocks_relay_writecb(...) [*] redsocks_relay_writecb 中继写入回调
1752723560.873175 notice redsocks.c:694 redsocks_relay_relayreadcb(...) [*] redsocks_relay_relayreadcb 中继读取回调包装
1752723560.873206 notice redsocks.c:648 redsocks_relay_readcb(...) [*] redsocks_relay_readcb 中继读取回调
1752723560.873298 notice redsocks.c:669 redsocks_relay_writecb(...) [*] redsocks_relay_writecb 中继写入回调
1752723560.874873 notice redsocks.c:648 redsocks_relay_readcb(...) [*] redsocks_relay_readcb 中继读取回调
1752723560.875410 notice redsocks.c:706 redsocks_relay_relaywritecb(...) [*] redsocks_relay_relaywritecb 中继写入回调包装
1752723560.875443 notice redsocks.c:669 redsocks_relay_writecb(...) [*] redsocks_relay_writecb 中继写入回调
1752723560.875723 notice redsocks.c:694 redsocks_relay_relayreadcb(...) [*] redsocks_relay_relayreadcb 中继读取回调包装
1752723560.875754 notice redsocks.c:648 redsocks_relay_readcb(...) [*] redsocks_relay_readcb 中继读取回调
1752723560.875825 notice redsocks.c:669 redsocks_relay_writecb(...) [*] redsocks_relay_writecb 中继写入回调
1752723560.876143 notice redsocks.c:648 redsocks_relay_readcb(...) [*] redsocks_relay_readcb 中继读取回调
1752723560.876469 notice redsocks.c:706 redsocks_relay_relaywritecb(...) [*] redsocks_relay_relaywritecb 中继写入回调包装
1752723560.876503 notice redsocks.c:669 redsocks_relay_writecb(...) [*] redsocks_relay_writecb 中继写入回调
1752723561.077867 notice redsocks.c:694 redsocks_relay_relayreadcb(...) [*] redsocks_relay_relayreadcb 中继读取回调包装
1752723561.077916 notice redsocks.c:648 redsocks_relay_readcb(...) [*] redsocks_relay_readcb 中继读取回调
1752723561.077991 notice redsocks.c:669 redsocks_relay_writecb(...) [*] redsocks_relay_writecb 中继写入回调
1752723561.078327 notice redsocks.c:648 redsocks_relay_readcb(...) [*] redsocks_relay_readcb 中继读取回调
1752723561.078647 notice redsocks.c:706 redsocks_relay_relaywritecb(...) [*] redsocks_relay_relaywritecb 中继写入回调包装
1752723561.078677 notice redsocks.c:669 redsocks_relay_writecb(...) [*] redsocks_relay_writecb 中继写入回调
1752723561.078877 notice redsocks.c:1523 redsocks_event_error(...) [*] redsocks_event_error 错误事件回调
1752723561.078906 notice redsocks.c:1449 redsocks_shutdown(...) [*] redsocks_shutdown  关闭连接的一端或两端
1752723561.078915 notice redsocks.c:1449 redsocks_shutdown(...) [*] redsocks_shutdown  关闭连接的一端或两端
1752723561.079128 notice redsocks.c:1523 redsocks_event_error(...) [*] redsocks_event_error 错误事件回调
1752723561.079158 notice redsocks.c:1449 redsocks_shutdown(...) [*] redsocks_shutdown  关闭连接的一端或两端
1752723561.079165 notice redsocks.c:1449 redsocks_shutdown(...) [*] redsocks_shutdown  关闭连接的一端或两端
1752723561.079406 notice redsocks.c:1363 redsocks_drop_client(...) [*] redsocks_drop_client 关闭客户端连接
1752723562.395569 notice main.c:197 main(...) redsocks goes down 结束
1752723669.928429 notice main.c:193 main(...) 启动 & 最大连接数：redsocks started, conn_max=3072
1752723673.470911 notice redsocks.c:2016 redsocks_accept_client(...) [*] redsocks_accept_client 接受客户端连接
1752723673.470960 notice redsocks.c:2120 redsocks_accept_client(...) [*] 请求连接： 192.168.167.128:50750 -> 183.2.172.17:443
1752723673.470967 notice redsocks.c:1723 redsocks_connect_relay(...) [*] redsocks_connect_relay 连接代理服务器
1752723673.794387 notice redsocks.c:782 redsocks_start_relay(...) [*] redsocks_start_relay  启动中继
1752723673.794414 notice redsocks.c:808 redsocks_start_bufferpump(...) [*] redsocks_start_bufferpump  启动缓冲区泵
1752723673.794418 notice redsocks.c:812 redsocks_start_bufferpump(...) into redsocks_start_bufferpump
1752723673.794423 notice redsocks.c:799 redsocks_start_relay(...) [*] 中继通道已建立
1752723673.794451 notice redsocks.c:669 redsocks_relay_writecb(...) [*] redsocks_relay_writecb 中继写入回调
1752723673.794456 notice redsocks.c:706 redsocks_relay_relaywritecb(...) [*] redsocks_relay_relaywritecb 中继写入回调包装
1752723673.794458 notice redsocks.c:669 redsocks_relay_writecb(...) [*] redsocks_relay_writecb 中继写入回调
1752723673.794514 notice redsocks.c:706 redsocks_relay_relaywritecb(...) [*] redsocks_relay_relaywritecb 中继写入回调包装
1752723673.794521 notice redsocks.c:669 redsocks_relay_writecb(...) [*] redsocks_relay_writecb 中继写入回调
1752723674.326752 notice redsocks.c:694 redsocks_relay_relayreadcb(...) [*] redsocks_relay_relayreadcb 中继读取回调包装
1752723674.326793 notice redsocks.c:648 redsocks_relay_readcb(...) [*] redsocks_relay_readcb 中继读取回调
1752723674.326916 notice redsocks.c:669 redsocks_relay_writecb(...) [*] redsocks_relay_writecb 中继写入回调
1752723674.328613 notice redsocks.c:648 redsocks_relay_readcb(...) [*] redsocks_relay_readcb 中继读取回调
1752723674.328723 notice redsocks.c:706 redsocks_relay_relaywritecb(...) [*] redsocks_relay_relaywritecb 中继写入回调包装
1752723674.328737 notice redsocks.c:669 redsocks_relay_writecb(...) [*] redsocks_relay_writecb 中继写入回调
1752723674.329369 notice redsocks.c:694 redsocks_relay_relayreadcb(...) [*] redsocks_relay_relayreadcb 中继读取回调包装
1752723674.329400 notice redsocks.c:648 redsocks_relay_readcb(...) [*] redsocks_relay_readcb 中继读取回调
1752723674.329462 notice redsocks.c:669 redsocks_relay_writecb(...) [*] redsocks_relay_writecb 中继写入回调
1752723674.329699 notice redsocks.c:648 redsocks_relay_readcb(...) [*] redsocks_relay_readcb 中继读取回调
1752723674.329775 notice redsocks.c:706 redsocks_relay_relaywritecb(...) [*] redsocks_relay_relaywritecb 中继写入回调包装
1752723674.329783 notice redsocks.c:669 redsocks_relay_writecb(...) [*] redsocks_relay_writecb 中继写入回调
1752723674.694536 notice redsocks.c:694 redsocks_relay_relayreadcb(...) [*] redsocks_relay_relayreadcb 中继读取回调包装
1752723674.694584 notice redsocks.c:648 redsocks_relay_readcb(...) [*] redsocks_relay_readcb 中继读取回调
1752723674.694662 notice redsocks.c:669 redsocks_relay_writecb(...) [*] redsocks_relay_writecb 中继写入回调
1752723674.695006 notice redsocks.c:648 redsocks_relay_readcb(...) [*] redsocks_relay_readcb 中继读取回调
1752723674.695094 notice redsocks.c:706 redsocks_relay_relaywritecb(...) [*] redsocks_relay_relaywritecb 中继写入回调包装
1752723674.695105 notice redsocks.c:669 redsocks_relay_writecb(...) [*] redsocks_relay_writecb 中继写入回调
1752723674.695516 notice redsocks.c:1523 redsocks_event_error(...) [*] redsocks_event_error 错误事件回调
1752723674.695528 notice redsocks.c:1449 redsocks_shutdown(...) [*] redsocks_shutdown  关闭连接的一端或两端
1752723674.695535 notice redsocks.c:1449 redsocks_shutdown(...) [*] redsocks_shutdown  关闭连接的一端或两端
1752723674.695595 notice redsocks.c:1523 redsocks_event_error(...) [*] redsocks_event_error 错误事件回调
1752723674.695602 notice redsocks.c:1449 redsocks_shutdown(...) [*] redsocks_shutdown  关闭连接的一端或两端
1752723674.695606 notice redsocks.c:1449 redsocks_shutdown(...) [*] redsocks_shutdown  关闭连接的一端或两端
1752723674.695638 notice redsocks.c:1363 redsocks_drop_client(...) [*] redsocks_drop_client 关闭客户端连接
1752723678.966809 notice redsocks.c:2016 redsocks_accept_client(...) [*] redsocks_accept_client 接受客户端连接
1752723678.966860 notice redsocks.c:2120 redsocks_accept_client(...) [*] 请求连接： 192.168.167.128:51924 -> 23.54.118.47:443
1752723678.966867 notice redsocks.c:1723 redsocks_connect_relay(...) [*] redsocks_connect_relay 连接代理服务器
1752723679.207395 notice redsocks.c:782 redsocks_start_relay(...) [*] redsocks_start_relay  启动中继
1752723679.207429 notice redsocks.c:808 redsocks_start_bufferpump(...) [*] redsocks_start_bufferpump  启动缓冲区泵
1752723679.207435 notice redsocks.c:812 redsocks_start_bufferpump(...) into redsocks_start_bufferpump
1752723679.207441 notice redsocks.c:799 redsocks_start_relay(...) [*] 中继通道已建立
1752723679.207480 notice redsocks.c:669 redsocks_relay_writecb(...) [*] redsocks_relay_writecb 中继写入回调
1752723679.207488 notice redsocks.c:706 redsocks_relay_relaywritecb(...) [*] redsocks_relay_relaywritecb 中继写入回调包装
1752723679.207491 notice redsocks.c:669 redsocks_relay_writecb(...) [*] redsocks_relay_writecb 中继写入回调
1752723679.207556 notice redsocks.c:706 redsocks_relay_relaywritecb(...) [*] redsocks_relay_relaywritecb 中继写入回调包装
1752723679.207563 notice redsocks.c:669 redsocks_relay_writecb(...) [*] redsocks_relay_writecb 中继写入回调
1752723679.642949 notice redsocks.c:694 redsocks_relay_relayreadcb(...) [*] redsocks_relay_relayreadcb 中继读取回调包装
1752723679.642990 notice redsocks.c:648 redsocks_relay_readcb(...) [*] redsocks_relay_readcb 中继读取回调
1752723679.643075 notice redsocks.c:669 redsocks_relay_writecb(...) [*] redsocks_relay_writecb 中继写入回调
1752723679.644026 notice redsocks.c:648 redsocks_relay_readcb(...) [*] redsocks_relay_readcb 中继读取回调
1752723679.644105 notice redsocks.c:706 redsocks_relay_relaywritecb(...) [*] redsocks_relay_relaywritecb 中继写入回调包装
1752723679.644113 notice redsocks.c:669 redsocks_relay_writecb(...) [*] redsocks_relay_writecb 中继写入回调
1752723679.644389 notice redsocks.c:648 redsocks_relay_readcb(...) [*] redsocks_relay_readcb 中继读取回调
1752723679.644459 notice redsocks.c:706 redsocks_relay_relaywritecb(...) [*] redsocks_relay_relaywritecb 中继写入回调包装
1752723679.644672 notice redsocks.c:669 redsocks_relay_writecb(...) [*] redsocks_relay_writecb 中继写入回调
1752723679.644714 notice redsocks.c:694 redsocks_relay_relayreadcb(...) [*] redsocks_relay_relayreadcb 中继读取回调包装
1752723679.644721 notice redsocks.c:648 redsocks_relay_readcb(...) [*] redsocks_relay_readcb 中继读取回调
1752723679.644768 notice redsocks.c:669 redsocks_relay_writecb(...) [*] redsocks_relay_writecb 中继写入回调
1752723679.644895 notice redsocks.c:648 redsocks_relay_readcb(...) [*] redsocks_relay_readcb 中继读取回调
1752723679.644955 notice redsocks.c:706 redsocks_relay_relaywritecb(...) [*] redsocks_relay_relaywritecb 中继写入回调包装
1752723679.644963 notice redsocks.c:669 redsocks_relay_writecb(...) [*] redsocks_relay_writecb 中继写入回调
1752723679.645083 notice redsocks.c:648 redsocks_relay_readcb(...) [*] redsocks_relay_readcb 中继读取回调
1752723679.645145 notice redsocks.c:706 redsocks_relay_relaywritecb(...) [*] redsocks_relay_relaywritecb 中继写入回调包装
1752723679.645153 notice redsocks.c:669 redsocks_relay_writecb(...) [*] redsocks_relay_writecb 中继写入回调
1752723679.645289 notice redsocks.c:648 redsocks_relay_readcb(...) [*] redsocks_relay_readcb 中继读取回调
1752723679.645347 notice redsocks.c:706 redsocks_relay_relaywritecb(...) [*] redsocks_relay_relaywritecb 中继写入回调包装
1752723679.645355 notice redsocks.c:669 redsocks_relay_writecb(...) [*] redsocks_relay_writecb 中继写入回调
1752723680.082489 notice redsocks.c:694 redsocks_relay_relayreadcb(...) [*] redsocks_relay_relayreadcb 中继读取回调包装
1752723680.082521 notice redsocks.c:648 redsocks_relay_readcb(...) [*] redsocks_relay_readcb 中继读取回调
1752723680.082578 notice redsocks.c:669 redsocks_relay_writecb(...) [*] redsocks_relay_writecb 中继写入回调
1752723680.082763 notice redsocks.c:648 redsocks_relay_readcb(...) [*] redsocks_relay_readcb 中继读取回调
1752723680.082813 notice redsocks.c:706 redsocks_relay_relaywritecb(...) [*] redsocks_relay_relaywritecb 中继写入回调包装
1752723680.082819 notice redsocks.c:669 redsocks_relay_writecb(...) [*] redsocks_relay_writecb 中继写入回调
1752723680.189277 notice redsocks.c:694 redsocks_relay_relayreadcb(...) [*] redsocks_relay_relayreadcb 中继读取回调包装
1752723680.189318 notice redsocks.c:648 redsocks_relay_readcb(...) [*] redsocks_relay_readcb 中继读取回调
1752723680.189392 notice redsocks.c:669 redsocks_relay_writecb(...) [*] redsocks_relay_writecb 中继写入回调
1752723680.295563 notice redsocks.c:694 redsocks_relay_relayreadcb(...) [*] redsocks_relay_relayreadcb 中继读取回调包装
1752723680.295591 notice redsocks.c:648 redsocks_relay_readcb(...) [*] redsocks_relay_readcb 中继读取回调
1752723680.295614 notice redsocks.c:694 redsocks_relay_relayreadcb(...) [*] redsocks_relay_relayreadcb 中继读取回调包装
1752723680.295619 notice redsocks.c:648 redsocks_relay_readcb(...) [*] redsocks_relay_readcb 中继读取回调
1752723680.295677 notice redsocks.c:669 redsocks_relay_writecb(...) [*] redsocks_relay_writecb 中继写入回调
1752723680.295704 notice redsocks.c:669 redsocks_relay_writecb(...) [*] redsocks_relay_writecb 中继写入回调
1752723680.295714 notice redsocks.c:694 redsocks_relay_relayreadcb(...) [*] redsocks_relay_relayreadcb 中继读取回调包装
1752723680.295717 notice redsocks.c:648 redsocks_relay_readcb(...) [*] redsocks_relay_readcb 中继读取回调
1752723680.295739 notice redsocks.c:669 redsocks_relay_writecb(...) [*] redsocks_relay_writecb 中继写入回调
1752723680.295748 notice redsocks.c:694 redsocks_relay_relayreadcb(...) [*] redsocks_relay_relayreadcb 中继读取回调包装
1752723680.295753 notice redsocks.c:648 redsocks_relay_readcb(...) [*] redsocks_relay_readcb 中继读取回调
1752723680.295767 notice redsocks.c:669 redsocks_relay_writecb(...) [*] redsocks_relay_writecb 中继写入回调
1752723680.295776 notice redsocks.c:694 redsocks_relay_relayreadcb(...) [*] redsocks_relay_relayreadcb 中继读取回调包装
1752723680.295779 notice redsocks.c:648 redsocks_relay_readcb(...) [*] redsocks_relay_readcb 中继读取回调
1752723680.295791 notice redsocks.c:669 redsocks_relay_writecb(...) [*] redsocks_relay_writecb 中继写入回调
1752723680.504175 notice redsocks.c:694 redsocks_relay_relayreadcb(...) [*] redsocks_relay_relayreadcb 中继读取回调包装
1752723680.504204 notice redsocks.c:648 redsocks_relay_readcb(...) [*] redsocks_relay_readcb 中继读取回调
1752723680.504219 notice redsocks.c:694 redsocks_relay_relayreadcb(...) [*] redsocks_relay_relayreadcb 中继读取回调包装
1752723680.504224 notice redsocks.c:648 redsocks_relay_readcb(...) [*] redsocks_relay_readcb 中继读取回调
1752723680.504282 notice redsocks.c:669 redsocks_relay_writecb(...) [*] redsocks_relay_writecb 中继写入回调
1752723680.504309 notice redsocks.c:669 redsocks_relay_writecb(...) [*] redsocks_relay_writecb 中继写入回调
1752723680.504318 notice redsocks.c:694 redsocks_relay_relayreadcb(...) [*] redsocks_relay_relayreadcb 中继读取回调包装
1752723680.504322 notice redsocks.c:648 redsocks_relay_readcb(...) [*] redsocks_relay_readcb 中继读取回调
1752723680.504345 notice redsocks.c:669 redsocks_relay_writecb(...) [*] redsocks_relay_writecb 中继写入回调
1752723680.504354 notice redsocks.c:694 redsocks_relay_relayreadcb(...) [*] redsocks_relay_relayreadcb 中继读取回调包装
1752723680.504357 notice redsocks.c:648 redsocks_relay_readcb(...) [*] redsocks_relay_readcb 中继读取回调
1752723680.504379 notice redsocks.c:669 redsocks_relay_writecb(...) [*] redsocks_relay_writecb 中继写入回调
1752723680.504390 notice redsocks.c:694 redsocks_relay_relayreadcb(...) [*] redsocks_relay_relayreadcb 中继读取回调包装
1752723680.504394 notice redsocks.c:648 redsocks_relay_readcb(...) [*] redsocks_relay_readcb 中继读取回调
1752723680.504407 notice redsocks.c:669 redsocks_relay_writecb(...) [*] redsocks_relay_writecb 中继写入回调
1752723680.551429 notice redsocks.c:694 redsocks_relay_relayreadcb(...) [*] redsocks_relay_relayreadcb 中继读取回调包装
1752723680.551466 notice redsocks.c:648 redsocks_relay_readcb(...) [*] redsocks_relay_readcb 中继读取回调
1752723680.551490 notice redsocks.c:694 redsocks_relay_relayreadcb(...) [*] redsocks_relay_relayreadcb 中继读取回调包装
1752723680.551496 notice redsocks.c:648 redsocks_relay_readcb(...) [*] redsocks_relay_readcb 中继读取回调
1752723680.551568 notice redsocks.c:669 redsocks_relay_writecb(...) [*] redsocks_relay_writecb 中继写入回调
1752723680.551624 notice redsocks.c:669 redsocks_relay_writecb(...) [*] redsocks_relay_writecb 中继写入回调
1752723680.551659 notice redsocks.c:694 redsocks_relay_relayreadcb(...) [*] redsocks_relay_relayreadcb 中继读取回调包装
1752723680.551667 notice redsocks.c:648 redsocks_relay_readcb(...) [*] redsocks_relay_readcb 中继读取回调
1752723680.551702 notice redsocks.c:669 redsocks_relay_writecb(...) [*] redsocks_relay_writecb 中继写入回调
1752723680.551723 notice redsocks.c:694 redsocks_relay_relayreadcb(...) [*] redsocks_relay_relayreadcb 中继读取回调包装
1752723680.551726 notice redsocks.c:648 redsocks_relay_readcb(...) [*] redsocks_relay_readcb 中继读取回调
1752723680.551759 notice redsocks.c:669 redsocks_relay_writecb(...) [*] redsocks_relay_writecb 中继写入回调
1752723680.551773 notice redsocks.c:694 redsocks_relay_relayreadcb(...) [*] redsocks_relay_relayreadcb 中继读取回调包装
1752723680.551779 notice redsocks.c:648 redsocks_relay_readcb(...) [*] redsocks_relay_readcb 中继读取回调
1752723680.551808 notice redsocks.c:669 redsocks_relay_writecb(...) [*] redsocks_relay_writecb 中继写入回调
1752723680.554370 notice redsocks.c:648 redsocks_relay_readcb(...) [*] redsocks_relay_readcb 中继读取回调
1752723680.554445 notice redsocks.c:1523 redsocks_event_error(...) [*] redsocks_event_error 错误事件回调
1752723680.554452 notice redsocks.c:1449 redsocks_shutdown(...) [*] redsocks_shutdown  关闭连接的一端或两端
1752723680.554501 notice redsocks.c:706 redsocks_relay_relaywritecb(...) [*] redsocks_relay_relaywritecb 中继写入回调包装
1752723680.554507 notice redsocks.c:669 redsocks_relay_writecb(...) [*] redsocks_relay_writecb 中继写入回调
1752723680.554510 notice redsocks.c:1449 redsocks_shutdown(...) [*] redsocks_shutdown  关闭连接的一端或两端
1752723680.555117 notice redsocks.c:1523 redsocks_event_error(...) [*] redsocks_event_error 错误事件回调
1752723680.555154 notice redsocks.c:1449 redsocks_shutdown(...) [*] redsocks_shutdown  关闭连接的一端或两端
1752723680.555163 notice redsocks.c:1449 redsocks_shutdown(...) [*] redsocks_shutdown  关闭连接的一端或两端
1752723680.555204 notice redsocks.c:1363 redsocks_drop_client(...) [*] redsocks_drop_client 关闭客户端连接
1752723702.118257 notice redsocks.c:2016 redsocks_accept_client(...) [*] redsocks_accept_client 接受客户端连接
1752723702.118323 notice redsocks.c:2120 redsocks_accept_client(...) [*] 请求连接： 192.168.167.128:40460 -> 20.205.243.166:443
1752723702.118330 notice redsocks.c:1723 redsocks_connect_relay(...) [*] redsocks_connect_relay 连接代理服务器
1752723702.390157 notice redsocks.c:782 redsocks_start_relay(...) [*] redsocks_start_relay  启动中继
1752723702.390202 notice redsocks.c:808 redsocks_start_bufferpump(...) [*] redsocks_start_bufferpump  启动缓冲区泵
1752723702.390209 notice redsocks.c:812 redsocks_start_bufferpump(...) into redsocks_start_bufferpump
1752723702.390214 notice redsocks.c:799 redsocks_start_relay(...) [*] 中继通道已建立
1752723702.390245 notice redsocks.c:669 redsocks_relay_writecb(...) [*] redsocks_relay_writecb 中继写入回调
1752723702.390251 notice redsocks.c:706 redsocks_relay_relaywritecb(...) [*] redsocks_relay_relaywritecb 中继写入回调包装
1752723702.390253 notice redsocks.c:669 redsocks_relay_writecb(...) [*] redsocks_relay_writecb 中继写入回调
1752723702.390312 notice redsocks.c:706 redsocks_relay_relaywritecb(...) [*] redsocks_relay_relaywritecb 中继写入回调包装
1752723702.390320 notice redsocks.c:669 redsocks_relay_writecb(...) [*] redsocks_relay_writecb 中继写入回调
1752723702.672379 notice redsocks.c:694 redsocks_relay_relayreadcb(...) [*] redsocks_relay_relayreadcb 中继读取回调包装
1752723702.672423 notice redsocks.c:648 redsocks_relay_readcb(...) [*] redsocks_relay_readcb 中继读取回调
1752723702.672492 notice redsocks.c:669 redsocks_relay_writecb(...) [*] redsocks_relay_writecb 中继写入回调
1752723702.673022 notice redsocks.c:648 redsocks_relay_readcb(...) [*] redsocks_relay_readcb 中继读取回调
1752723702.673089 notice redsocks.c:706 redsocks_relay_relaywritecb(...) [*] redsocks_relay_relaywritecb 中继写入回调包装
1752723702.673096 notice redsocks.c:669 redsocks_relay_writecb(...) [*] redsocks_relay_writecb 中继写入回调
1752723702.673207 notice redsocks.c:648 redsocks_relay_readcb(...) [*] redsocks_relay_readcb 中继读取回调
1752723702.673309 notice redsocks.c:706 redsocks_relay_relaywritecb(...) [*] redsocks_relay_relaywritecb 中继写入回调包装
1752723702.673317 notice redsocks.c:669 redsocks_relay_writecb(...) [*] redsocks_relay_writecb 中继写入回调
1752723702.673363 notice redsocks.c:648 redsocks_relay_readcb(...) [*] redsocks_relay_readcb 中继读取回调
1752723702.673377 notice redsocks.c:706 redsocks_relay_relaywritecb(...) [*] redsocks_relay_relaywritecb 中继写入回调包装
1752723702.673381 notice redsocks.c:669 redsocks_relay_writecb(...) [*] redsocks_relay_writecb 中继写入回调
1752723702.673416 notice redsocks.c:648 redsocks_relay_readcb(...) [*] redsocks_relay_readcb 中继读取回调
1752723702.673455 notice redsocks.c:706 redsocks_relay_relaywritecb(...) [*] redsocks_relay_relaywritecb 中继写入回调包装
1752723702.673461 notice redsocks.c:669 redsocks_relay_writecb(...) [*] redsocks_relay_writecb 中继写入回调
1752723702.673471 notice redsocks.c:694 redsocks_relay_relayreadcb(...) [*] redsocks_relay_relayreadcb 中继读取回调包装
1752723702.673474 notice redsocks.c:648 redsocks_relay_readcb(...) [*] redsocks_relay_readcb 中继读取回调
1752723702.673503 notice redsocks.c:669 redsocks_relay_writecb(...) [*] redsocks_relay_writecb 中继写入回调
1752723702.673562 notice redsocks.c:648 redsocks_relay_readcb(...) [*] redsocks_relay_readcb 中继读取回调
1752723702.673853 notice redsocks.c:706 redsocks_relay_relaywritecb(...) [*] redsocks_relay_relaywritecb 中继写入回调包装
1752723702.673903 notice redsocks.c:669 redsocks_relay_writecb(...) [*] redsocks_relay_writecb 中继写入回调
1752723703.398099 notice redsocks.c:694 redsocks_relay_relayreadcb(...) [*] redsocks_relay_relayreadcb 中继读取回调包装
1752723703.398144 notice redsocks.c:648 redsocks_relay_readcb(...) [*] redsocks_relay_readcb 中继读取回调
1752723703.398159 notice redsocks.c:694 redsocks_relay_relayreadcb(...) [*] redsocks_relay_relayreadcb 中继读取回调包装
1752723703.398163 notice redsocks.c:648 redsocks_relay_readcb(...) [*] redsocks_relay_readcb 中继读取回调
1752723703.398212 notice redsocks.c:669 redsocks_relay_writecb(...) [*] redsocks_relay_writecb 中继写入回调
1752723703.398312 notice redsocks.c:648 redsocks_relay_readcb(...) [*] redsocks_relay_readcb 中继读取回调
1752723703.398384 notice redsocks.c:706 redsocks_relay_relaywritecb(...) [*] redsocks_relay_relaywritecb 中继写入回调包装
1752723703.398392 notice redsocks.c:669 redsocks_relay_writecb(...) [*] redsocks_relay_writecb 中继写入回调
1752723703.399305 notice redsocks.c:694 redsocks_relay_relayreadcb(...) [*] redsocks_relay_relayreadcb 中继读取回调包装
1752723703.399341 notice redsocks.c:648 redsocks_relay_readcb(...) [*] redsocks_relay_readcb 中继读取回调
1752723703.399392 notice redsocks.c:669 redsocks_relay_writecb(...) [*] redsocks_relay_writecb 中继写入回调
1752723703.908777 notice redsocks.c:694 redsocks_relay_relayreadcb(...) [*] redsocks_relay_relayreadcb 中继读取回调包装
1752723703.908834 notice redsocks.c:648 redsocks_relay_readcb(...) [*] redsocks_relay_readcb 中继读取回调
1752723703.908882 notice redsocks.c:694 redsocks_relay_relayreadcb(...) [*] redsocks_relay_relayreadcb 中继读取回调包装
1752723703.908890 notice redsocks.c:648 redsocks_relay_readcb(...) [*] redsocks_relay_readcb 中继读取回调
1752723703.909027 notice redsocks.c:669 redsocks_relay_writecb(...) [*] redsocks_relay_writecb 中继写入回调
1752723703.909105 notice redsocks.c:669 redsocks_relay_writecb(...) [*] redsocks_relay_writecb 中继写入回调
1752723703.909121 notice redsocks.c:694 redsocks_relay_relayreadcb(...) [*] redsocks_relay_relayreadcb 中继读取回调包装
1752723703.909126 notice redsocks.c:648 redsocks_relay_readcb(...) [*] redsocks_relay_readcb 中继读取回调
1752723703.909206 notice redsocks.c:669 redsocks_relay_writecb(...) [*] redsocks_relay_writecb 中继写入回调
1752723703.909220 notice redsocks.c:694 redsocks_relay_relayreadcb(...) [*] redsocks_relay_relayreadcb 中继读取回调包装
1752723703.909232 notice redsocks.c:648 redsocks_relay_readcb(...) [*] redsocks_relay_readcb 中继读取回调
1752723703.909260 notice redsocks.c:669 redsocks_relay_writecb(...) [*] redsocks_relay_writecb 中继写入回调
1752723703.909270 notice redsocks.c:694 redsocks_relay_relayreadcb(...) [*] redsocks_relay_relayreadcb 中继读取回调包装
1752723703.909275 notice redsocks.c:648 redsocks_relay_readcb(...) [*] redsocks_relay_readcb 中继读取回调
1752723703.909288 notice redsocks.c:669 redsocks_relay_writecb(...) [*] redsocks_relay_writecb 中继写入回调
1752723704.121862 notice redsocks.c:694 redsocks_relay_relayreadcb(...) [*] redsocks_relay_relayreadcb 中继读取回调包装
1752723704.121916 notice redsocks.c:648 redsocks_relay_readcb(...) [*] redsocks_relay_readcb 中继读取回调
1752723704.121960 notice redsocks.c:694 redsocks_relay_relayreadcb(...) [*] redsocks_relay_relayreadcb 中继读取回调包装
1752723704.121967 notice redsocks.c:648 redsocks_relay_readcb(...) [*] redsocks_relay_readcb 中继读取回调
1752723704.122045 notice redsocks.c:669 redsocks_relay_writecb(...) [*] redsocks_relay_writecb 中继写入回调
1752723704.122089 notice redsocks.c:669 redsocks_relay_writecb(...) [*] redsocks_relay_writecb 中继写入回调
1752723704.122103 notice redsocks.c:694 redsocks_relay_relayreadcb(...) [*] redsocks_relay_relayreadcb 中继读取回调包装
1752723704.122109 notice redsocks.c:648 redsocks_relay_readcb(...) [*] redsocks_relay_readcb 中继读取回调
1752723704.122145 notice redsocks.c:669 redsocks_relay_writecb(...) [*] redsocks_relay_writecb 中继写入回调
1752723704.122157 notice redsocks.c:694 redsocks_relay_relayreadcb(...) [*] redsocks_relay_relayreadcb 中继读取回调包装
1752723704.122161 notice redsocks.c:648 redsocks_relay_readcb(...) [*] redsocks_relay_readcb 中继读取回调
1752723704.122196 notice redsocks.c:669 redsocks_relay_writecb(...) [*] redsocks_relay_writecb 中继写入回调
1752723704.122205 notice redsocks.c:694 redsocks_relay_relayreadcb(...) [*] redsocks_relay_relayreadcb 中继读取回调包装
1752723704.122210 notice redsocks.c:648 redsocks_relay_readcb(...) [*] redsocks_relay_readcb 中继读取回调
1752723704.122235 notice redsocks.c:669 redsocks_relay_writecb(...) [*] redsocks_relay_writecb 中继写入回调
1752723704.122532 notice redsocks.c:694 redsocks_relay_relayreadcb(...) [*] redsocks_relay_relayreadcb 中继读取回调包装
1752723704.122560 notice redsocks.c:648 redsocks_relay_readcb(...) [*] redsocks_relay_readcb 中继读取回调
1752723704.122605 notice redsocks.c:694 redsocks_relay_relayreadcb(...) [*] redsocks_relay_relayreadcb 中继读取回调包装
1752723704.122613 notice redsocks.c:648 redsocks_relay_readcb(...) [*] redsocks_relay_readcb 中继读取回调
1752723704.122648 notice redsocks.c:669 redsocks_relay_writecb(...) [*] redsocks_relay_writecb 中继写入回调
1752723704.122696 notice redsocks.c:669 redsocks_relay_writecb(...) [*] redsocks_relay_writecb 中继写入回调
1752723704.122708 notice redsocks.c:694 redsocks_relay_relayreadcb(...) [*] redsocks_relay_relayreadcb 中继读取回调包装
1752723704.122714 notice redsocks.c:648 redsocks_relay_readcb(...) [*] redsocks_relay_readcb 中继读取回调
1752723704.122747 notice redsocks.c:669 redsocks_relay_writecb(...) [*] redsocks_relay_writecb 中继写入回调
1752723704.122759 notice redsocks.c:694 redsocks_relay_relayreadcb(...) [*] redsocks_relay_relayreadcb 中继读取回调包装
1752723704.122763 notice redsocks.c:648 redsocks_relay_readcb(...) [*] redsocks_relay_readcb 中继读取回调
1752723704.122798 notice redsocks.c:669 redsocks_relay_writecb(...) [*] redsocks_relay_writecb 中继写入回调
1752723704.122810 notice redsocks.c:694 redsocks_relay_relayreadcb(...) [*] redsocks_relay_relayreadcb 中继读取回调包装
1752723704.122813 notice redsocks.c:648 redsocks_relay_readcb(...) [*] redsocks_relay_readcb 中继读取回调
1752723704.122856 notice redsocks.c:669 redsocks_relay_writecb(...) [*] redsocks_relay_writecb 中继写入回调
1752723704.123300 notice redsocks.c:694 redsocks_relay_relayreadcb(...) [*] redsocks_relay_relayreadcb 中继读取回调包装
1752723704.123328 notice redsocks.c:648 redsocks_relay_readcb(...) [*] redsocks_relay_readcb 中继读取回调
1752723704.123344 notice redsocks.c:694 redsocks_relay_relayreadcb(...) [*] redsocks_relay_relayreadcb 中继读取回调包装
1752723704.123349 notice redsocks.c:648 redsocks_relay_readcb(...) [*] redsocks_relay_readcb 中继读取回调
1752723704.123379 notice redsocks.c:669 redsocks_relay_writecb(...) [*] redsocks_relay_writecb 中继写入回调
1752723704.123408 notice redsocks.c:669 redsocks_relay_writecb(...) [*] redsocks_relay_writecb 中继写入回调
1752723704.123418 notice redsocks.c:694 redsocks_relay_relayreadcb(...) [*] redsocks_relay_relayreadcb 中继读取回调包装
1752723704.123422 notice redsocks.c:648 redsocks_relay_readcb(...) [*] redsocks_relay_readcb 中继读取回调
1752723704.123448 notice redsocks.c:669 redsocks_relay_writecb(...) [*] redsocks_relay_writecb 中继写入回调
1752723704.123459 notice redsocks.c:694 redsocks_relay_relayreadcb(...) [*] redsocks_relay_relayreadcb 中继读取回调包装
1752723704.123462 notice redsocks.c:648 redsocks_relay_readcb(...) [*] redsocks_relay_readcb 中继读取回调
1752723704.123487 notice redsocks.c:669 redsocks_relay_writecb(...) [*] redsocks_relay_writecb 中继写入回调
1752723704.123523 notice redsocks.c:694 redsocks_relay_relayreadcb(...) [*] redsocks_relay_relayreadcb 中继读取回调包装
1752723704.123531 notice redsocks.c:648 redsocks_relay_readcb(...) [*] redsocks_relay_readcb 中继读取回调
1752723704.123569 notice redsocks.c:669 redsocks_relay_writecb(...) [*] redsocks_relay_writecb 中继写入回调
1752723704.332151 notice redsocks.c:694 redsocks_relay_relayreadcb(...) [*] redsocks_relay_relayreadcb 中继读取回调包装
1752723704.332179 notice redsocks.c:648 redsocks_relay_readcb(...) [*] redsocks_relay_readcb 中继读取回调
1752723704.332382 notice redsocks.c:694 redsocks_relay_relayreadcb(...) [*] redsocks_relay_relayreadcb 中继读取回调包装
1752723704.332389 notice redsocks.c:648 redsocks_relay_readcb(...) [*] redsocks_relay_readcb 中继读取回调
1752723704.332450 notice redsocks.c:669 redsocks_relay_writecb(...) [*] redsocks_relay_writecb 中继写入回调
1752723704.332477 notice redsocks.c:669 redsocks_relay_writecb(...) [*] redsocks_relay_writecb 中继写入回调
1752723704.332488 notice redsocks.c:694 redsocks_relay_relayreadcb(...) [*] redsocks_relay_relayreadcb 中继读取回调包装
1752723704.332493 notice redsocks.c:648 redsocks_relay_readcb(...) [*] redsocks_relay_readcb 中继读取回调
1752723704.332516 notice redsocks.c:669 redsocks_relay_writecb(...) [*] redsocks_relay_writecb 中继写入回调
1752723704.332525 notice redsocks.c:694 redsocks_relay_relayreadcb(...) [*] redsocks_relay_relayreadcb 中继读取回调包装
1752723704.332528 notice redsocks.c:648 redsocks_relay_readcb(...) [*] redsocks_relay_readcb 中继读取回调
1752723704.332733 notice redsocks.c:669 redsocks_relay_writecb(...) [*] redsocks_relay_writecb 中继写入回调
1752723704.332748 notice redsocks.c:694 redsocks_relay_relayreadcb(...) [*] redsocks_relay_relayreadcb 中继读取回调包装
1752723704.332751 notice redsocks.c:648 redsocks_relay_readcb(...) [*] redsocks_relay_readcb 中继读取回调
1752723704.332767 notice redsocks.c:669 redsocks_relay_writecb(...) [*] redsocks_relay_writecb 中继写入回调
1752723704.336672 notice redsocks.c:694 redsocks_relay_relayreadcb(...) [*] redsocks_relay_relayreadcb 中继读取回调包装
1752723704.336701 notice redsocks.c:648 redsocks_relay_readcb(...) [*] redsocks_relay_readcb 中继读取回调
1752723704.336717 notice redsocks.c:694 redsocks_relay_relayreadcb(...) [*] redsocks_relay_relayreadcb 中继读取回调包装
1752723704.336722 notice redsocks.c:648 redsocks_relay_readcb(...) [*] redsocks_relay_readcb 中继读取回调
1752723704.336795 notice redsocks.c:669 redsocks_relay_writecb(...) [*] redsocks_relay_writecb 中继写入回调
1752723704.336826 notice redsocks.c:669 redsocks_relay_writecb(...) [*] redsocks_relay_writecb 中继写入回调
1752723704.337265 notice redsocks.c:694 redsocks_relay_relayreadcb(...) [*] redsocks_relay_relayreadcb 中继读取回调包装
1752723704.337280 notice redsocks.c:648 redsocks_relay_readcb(...) [*] redsocks_relay_readcb 中继读取回调
1752723704.337322 notice redsocks.c:669 redsocks_relay_writecb(...) [*] redsocks_relay_writecb 中继写入回调
1752723704.337333 notice redsocks.c:694 redsocks_relay_relayreadcb(...) [*] redsocks_relay_relayreadcb 中继读取回调包装
1752723704.337336 notice redsocks.c:648 redsocks_relay_readcb(...) [*] redsocks_relay_readcb 中继读取回调
1752723704.337364 notice redsocks.c:669 redsocks_relay_writecb(...) [*] redsocks_relay_writecb 中继写入回调
1752723704.337375 notice redsocks.c:694 redsocks_relay_relayreadcb(...) [*] redsocks_relay_relayreadcb 中继读取回调包装
1752723704.337380 notice redsocks.c:648 redsocks_relay_readcb(...) [*] redsocks_relay_readcb 中继读取回调
1752723704.337406 notice redsocks.c:669 redsocks_relay_writecb(...) [*] redsocks_relay_writecb 中继写入回调
1752723704.337415 notice redsocks.c:694 redsocks_relay_relayreadcb(...) [*] redsocks_relay_relayreadcb 中继读取回调包装
1752723704.337418 notice redsocks.c:648 redsocks_relay_readcb(...) [*] redsocks_relay_readcb 中继读取回调
1752723704.337445 notice redsocks.c:669 redsocks_relay_writecb(...) [*] redsocks_relay_writecb 中继写入回调
1752723704.337454 notice redsocks.c:694 redsocks_relay_relayreadcb(...) [*] redsocks_relay_relayreadcb 中继读取回调包装
1752723704.337458 notice redsocks.c:648 redsocks_relay_readcb(...) [*] redsocks_relay_readcb 中继读取回调
1752723704.337484 notice redsocks.c:669 redsocks_relay_writecb(...) [*] redsocks_relay_writecb 中继写入回调
1752723704.337493 notice redsocks.c:694 redsocks_relay_relayreadcb(...) [*] redsocks_relay_relayreadcb 中继读取回调包装
1752723704.337495 notice redsocks.c:648 redsocks_relay_readcb(...) [*] redsocks_relay_readcb 中继读取回调
1752723704.337521 notice redsocks.c:669 redsocks_relay_writecb(...) [*] redsocks_relay_writecb 中继写入回调
1752723704.337530 notice redsocks.c:694 redsocks_relay_relayreadcb(...) [*] redsocks_relay_relayreadcb 中继读取回调包装
1752723704.337534 notice redsocks.c:648 redsocks_relay_readcb(...) [*] redsocks_relay_readcb 中继读取回调
1752723704.337558 notice redsocks.c:669 redsocks_relay_writecb(...) [*] redsocks_relay_writecb 中继写入回调
1752723704.594620 notice redsocks.c:694 redsocks_relay_relayreadcb(...) [*] redsocks_relay_relayreadcb 中继读取回调包装
1752723704.594657 notice redsocks.c:648 redsocks_relay_readcb(...) [*] redsocks_relay_readcb 中继读取回调
1752723704.594797 notice redsocks.c:694 redsocks_relay_relayreadcb(...) [*] redsocks_relay_relayreadcb 中继读取回调包装
1752723704.594806 notice redsocks.c:648 redsocks_relay_readcb(...) [*] redsocks_relay_readcb 中继读取回调
1752723704.594888 notice redsocks.c:669 redsocks_relay_writecb(...) [*] redsocks_relay_writecb 中继写入回调
1752723704.594930 notice redsocks.c:669 redsocks_relay_writecb(...) [*] redsocks_relay_writecb 中继写入回调
1752723704.594943 notice redsocks.c:694 redsocks_relay_relayreadcb(...) [*] redsocks_relay_relayreadcb 中继读取回调包装
1752723704.594948 notice redsocks.c:648 redsocks_relay_readcb(...) [*] redsocks_relay_readcb 中继读取回调
1752723704.594980 notice redsocks.c:669 redsocks_relay_writecb(...) [*] redsocks_relay_writecb 中继写入回调
1752723704.594992 notice redsocks.c:694 redsocks_relay_relayreadcb(...) [*] redsocks_relay_relayreadcb 中继读取回调包装
1752723704.594998 notice redsocks.c:648 redsocks_relay_readcb(...) [*] redsocks_relay_readcb 中继读取回调
1752723704.595031 notice redsocks.c:669 redsocks_relay_writecb(...) [*] redsocks_relay_writecb 中继写入回调
1752723704.595060 notice redsocks.c:694 redsocks_relay_relayreadcb(...) [*] redsocks_relay_relayreadcb 中继读取回调包装
1752723704.595065 notice redsocks.c:648 redsocks_relay_readcb(...) [*] redsocks_relay_readcb 中继读取回调
1752723704.595097 notice redsocks.c:669 redsocks_relay_writecb(...) [*] redsocks_relay_writecb 中继写入回调
1752723704.596158 notice redsocks.c:694 redsocks_relay_relayreadcb(...) [*] redsocks_relay_relayreadcb 中继读取回调包装
1752723704.596170 notice redsocks.c:648 redsocks_relay_readcb(...) [*] redsocks_relay_readcb 中继读取回调
1752723704.596183 notice redsocks.c:694 redsocks_relay_relayreadcb(...) [*] redsocks_relay_relayreadcb 中继读取回调包装
1752723704.596188 notice redsocks.c:648 redsocks_relay_readcb(...) [*] redsocks_relay_readcb 中继读取回调
1752723704.596220 notice redsocks.c:669 redsocks_relay_writecb(...) [*] redsocks_relay_writecb 中继写入回调
1752723704.596250 notice redsocks.c:669 redsocks_relay_writecb(...) [*] redsocks_relay_writecb 中继写入回调
1752723704.596260 notice redsocks.c:694 redsocks_relay_relayreadcb(...) [*] redsocks_relay_relayreadcb 中继读取回调包装
1752723704.596263 notice redsocks.c:648 redsocks_relay_readcb(...) [*] redsocks_relay_readcb 中继读取回调
1752723704.596287 notice redsocks.c:669 redsocks_relay_writecb(...) [*] redsocks_relay_writecb 中继写入回调
1752723704.596297 notice redsocks.c:694 redsocks_relay_relayreadcb(...) [*] redsocks_relay_relayreadcb 中继读取回调包装
1752723704.596302 notice redsocks.c:648 redsocks_relay_readcb(...) [*] redsocks_relay_readcb 中继读取回调
1752723704.596331 notice redsocks.c:669 redsocks_relay_writecb(...) [*] redsocks_relay_writecb 中继写入回调
1752723704.596341 notice redsocks.c:694 redsocks_relay_relayreadcb(...) [*] redsocks_relay_relayreadcb 中继读取回调包装
1752723704.596344 notice redsocks.c:648 redsocks_relay_readcb(...) [*] redsocks_relay_readcb 中继读取回调
1752723704.596367 notice redsocks.c:669 redsocks_relay_writecb(...) [*] redsocks_relay_writecb 中继写入回调
1752723705.351058 notice redsocks.c:694 redsocks_relay_relayreadcb(...) [*] redsocks_relay_relayreadcb 中继读取回调包装
1752723705.351089 notice redsocks.c:648 redsocks_relay_readcb(...) [*] redsocks_relay_readcb 中继读取回调
1752723705.351239 notice redsocks.c:694 redsocks_relay_relayreadcb(...) [*] redsocks_relay_relayreadcb 中继读取回调包装
1752723705.351245 notice redsocks.c:648 redsocks_relay_readcb(...) [*] redsocks_relay_readcb 中继读取回调
1752723705.351303 notice redsocks.c:669 redsocks_relay_writecb(...) [*] redsocks_relay_writecb 中继写入回调
1752723705.351336 notice redsocks.c:669 redsocks_relay_writecb(...) [*] redsocks_relay_writecb 中继写入回调
1752723705.351345 notice redsocks.c:694 redsocks_relay_relayreadcb(...) [*] redsocks_relay_relayreadcb 中继读取回调包装
1752723705.351350 notice redsocks.c:648 redsocks_relay_readcb(...) [*] redsocks_relay_readcb 中继读取回调
1752723705.351376 notice redsocks.c:669 redsocks_relay_writecb(...) [*] redsocks_relay_writecb 中继写入回调
1752723705.351386 notice redsocks.c:694 redsocks_relay_relayreadcb(...) [*] redsocks_relay_relayreadcb 中继读取回调包装
1752723705.351388 notice redsocks.c:648 redsocks_relay_readcb(...) [*] redsocks_relay_readcb 中继读取回调
1752723705.351428 notice redsocks.c:669 redsocks_relay_writecb(...) [*] redsocks_relay_writecb 中继写入回调
1752723705.351449 notice redsocks.c:694 redsocks_relay_relayreadcb(...) [*] redsocks_relay_relayreadcb 中继读取回调包装
1752723705.351455 notice redsocks.c:648 redsocks_relay_readcb(...) [*] redsocks_relay_readcb 中继读取回调
1752723705.351491 notice redsocks.c:669 redsocks_relay_writecb(...) [*] redsocks_relay_writecb 中继写入回调
1752723705.351961 notice redsocks.c:694 redsocks_relay_relayreadcb(...) [*] redsocks_relay_relayreadcb 中继读取回调包装
1752723705.351981 notice redsocks.c:648 redsocks_relay_readcb(...) [*] redsocks_relay_readcb 中继读取回调
1752723705.351994 notice redsocks.c:694 redsocks_relay_relayreadcb(...) [*] redsocks_relay_relayreadcb 中继读取回调包装
1752723705.351999 notice redsocks.c:648 redsocks_relay_readcb(...) [*] redsocks_relay_readcb 中继读取回调
1752723705.352209 notice redsocks.c:669 redsocks_relay_writecb(...) [*] redsocks_relay_writecb 中继写入回调
1752723705.352257 notice redsocks.c:669 redsocks_relay_writecb(...) [*] redsocks_relay_writecb 中继写入回调
1752723705.352286 notice redsocks.c:694 redsocks_relay_relayreadcb(...) [*] redsocks_relay_relayreadcb 中继读取回调包装
1752723705.352289 notice redsocks.c:648 redsocks_relay_readcb(...) [*] redsocks_relay_readcb 中继读取回调
1752723705.352315 notice redsocks.c:669 redsocks_relay_writecb(...) [*] redsocks_relay_writecb 中继写入回调
1752723705.352330 notice redsocks.c:694 redsocks_relay_relayreadcb(...) [*] redsocks_relay_relayreadcb 中继读取回调包装
1752723705.352335 notice redsocks.c:648 redsocks_relay_readcb(...) [*] redsocks_relay_readcb 中继读取回调
1752723705.352360 notice redsocks.c:669 redsocks_relay_writecb(...) [*] redsocks_relay_writecb 中继写入回调
1752723705.352370 notice redsocks.c:694 redsocks_relay_relayreadcb(...) [*] redsocks_relay_relayreadcb 中继读取回调包装
1752723705.352373 notice redsocks.c:648 redsocks_relay_readcb(...) [*] redsocks_relay_readcb 中继读取回调
1752723705.352397 notice redsocks.c:669 redsocks_relay_writecb(...) [*] redsocks_relay_writecb 中继写入回调
1752723705.352409 notice redsocks.c:694 redsocks_relay_relayreadcb(...) [*] redsocks_relay_relayreadcb 中继读取回调包装
1752723705.352414 notice redsocks.c:648 redsocks_relay_readcb(...) [*] redsocks_relay_readcb 中继读取回调
1752723705.352553 notice redsocks.c:669 redsocks_relay_writecb(...) [*] redsocks_relay_writecb 中继写入回调
1752723705.352574 notice redsocks.c:694 redsocks_relay_relayreadcb(...) [*] redsocks_relay_relayreadcb 中继读取回调包装
1752723705.352582 notice redsocks.c:648 redsocks_relay_readcb(...) [*] redsocks_relay_readcb 中继读取回调
1752723705.352619 notice redsocks.c:669 redsocks_relay_writecb(...) [*] redsocks_relay_writecb 中继写入回调
1752723705.352632 notice redsocks.c:694 redsocks_relay_relayreadcb(...) [*] redsocks_relay_relayreadcb 中继读取回调包装
1752723705.352636 notice redsocks.c:648 redsocks_relay_readcb(...) [*] redsocks_relay_readcb 中继读取回调
1752723705.352670 notice redsocks.c:669 redsocks_relay_writecb(...) [*] redsocks_relay_writecb 中继写入回调
1752723705.352683 notice redsocks.c:694 redsocks_relay_relayreadcb(...) [*] redsocks_relay_relayreadcb 中继读取回调包装
1752723705.352687 notice redsocks.c:648 redsocks_relay_readcb(...) [*] redsocks_relay_readcb 中继读取回调
1752723705.352719 notice redsocks.c:669 redsocks_relay_writecb(...) [*] redsocks_relay_writecb 中继写入回调
1752723705.353178 notice redsocks.c:694 redsocks_relay_relayreadcb(...) [*] redsocks_relay_relayreadcb 中继读取回调包装
1752723705.353191 notice redsocks.c:648 redsocks_relay_readcb(...) [*] redsocks_relay_readcb 中继读取回调
1752723705.353224 notice redsocks.c:694 redsocks_relay_relayreadcb(...) [*] redsocks_relay_relayreadcb 中继读取回调包装
1752723705.353231 notice redsocks.c:648 redsocks_relay_readcb(...) [*] redsocks_relay_readcb 中继读取回调
1752723705.353273 notice redsocks.c:669 redsocks_relay_writecb(...) [*] redsocks_relay_writecb 中继写入回调
1752723705.353311 notice redsocks.c:669 redsocks_relay_writecb(...) [*] redsocks_relay_writecb 中继写入回调
1752723705.353333 notice redsocks.c:694 redsocks_relay_relayreadcb(...) [*] redsocks_relay_relayreadcb 中继读取回调包装
1752723705.353340 notice redsocks.c:648 redsocks_relay_readcb(...) [*] redsocks_relay_readcb 中继读取回调
1752723705.353450 notice redsocks.c:669 redsocks_relay_writecb(...) [*] redsocks_relay_writecb 中继写入回调
1752723705.353478 notice redsocks.c:694 redsocks_relay_relayreadcb(...) [*] redsocks_relay_relayreadcb 中继读取回调包装
1752723705.353485 notice redsocks.c:648 redsocks_relay_readcb(...) [*] redsocks_relay_readcb 中继读取回调
1752723705.353519 notice redsocks.c:669 redsocks_relay_writecb(...) [*] redsocks_relay_writecb 中继写入回调
1752723705.353533 notice redsocks.c:694 redsocks_relay_relayreadcb(...) [*] redsocks_relay_relayreadcb 中继读取回调包装
1752723705.353538 notice redsocks.c:648 redsocks_relay_readcb(...) [*] redsocks_relay_readcb 中继读取回调
1752723705.353568 notice redsocks.c:669 redsocks_relay_writecb(...) [*] redsocks_relay_writecb 中继写入回调
1752723705.570857 notice redsocks.c:694 redsocks_relay_relayreadcb(...) [*] redsocks_relay_relayreadcb 中继读取回调包装
1752723705.570897 notice redsocks.c:648 redsocks_relay_readcb(...) [*] redsocks_relay_readcb 中继读取回调
1752723705.570914 notice redsocks.c:694 redsocks_relay_relayreadcb(...) [*] redsocks_relay_relayreadcb 中继读取回调包装
1752723705.570920 notice redsocks.c:648 redsocks_relay_readcb(...) [*] redsocks_relay_readcb 中继读取回调
1752723705.570980 notice redsocks.c:669 redsocks_relay_writecb(...) [*] redsocks_relay_writecb 中继写入回调
1752723705.571013 notice redsocks.c:669 redsocks_relay_writecb(...) [*] redsocks_relay_writecb 中继写入回调
1752723705.571023 notice redsocks.c:694 redsocks_relay_relayreadcb(...) [*] redsocks_relay_relayreadcb 中继读取回调包装
1752723705.571028 notice redsocks.c:648 redsocks_relay_readcb(...) [*] redsocks_relay_readcb 中继读取回调
1752723705.571054 notice redsocks.c:669 redsocks_relay_writecb(...) [*] redsocks_relay_writecb 中继写入回调
1752723705.571064 notice redsocks.c:694 redsocks_relay_relayreadcb(...) [*] redsocks_relay_relayreadcb 中继读取回调包装
1752723705.571066 notice redsocks.c:648 redsocks_relay_readcb(...) [*] redsocks_relay_readcb 中继读取回调
1752723705.571091 notice redsocks.c:669 redsocks_relay_writecb(...) [*] redsocks_relay_writecb 中继写入回调
1752723705.571102 notice redsocks.c:694 redsocks_relay_relayreadcb(...) [*] redsocks_relay_relayreadcb 中继读取回调包装
1752723705.571106 notice redsocks.c:648 redsocks_relay_readcb(...) [*] redsocks_relay_readcb 中继读取回调
1752723705.571130 notice redsocks.c:669 redsocks_relay_writecb(...) [*] redsocks_relay_writecb 中继写入回调
1752723705.572283 notice redsocks.c:694 redsocks_relay_relayreadcb(...) [*] redsocks_relay_relayreadcb 中继读取回调包装
1752723705.572300 notice redsocks.c:648 redsocks_relay_readcb(...) [*] redsocks_relay_readcb 中继读取回调
1752723705.572314 notice redsocks.c:694 redsocks_relay_relayreadcb(...) [*] redsocks_relay_relayreadcb 中继读取回调包装
1752723705.572319 notice redsocks.c:648 redsocks_relay_readcb(...) [*] redsocks_relay_readcb 中继读取回调
1752723705.572359 notice redsocks.c:669 redsocks_relay_writecb(...) [*] redsocks_relay_writecb 中继写入回调
1752723705.572562 notice redsocks.c:669 redsocks_relay_writecb(...) [*] redsocks_relay_writecb 中继写入回调
1752723705.572574 notice redsocks.c:694 redsocks_relay_relayreadcb(...) [*] redsocks_relay_relayreadcb 中继读取回调包装
1752723705.572577 notice redsocks.c:648 redsocks_relay_readcb(...) [*] redsocks_relay_readcb 中继读取回调
1752723705.572605 notice redsocks.c:669 redsocks_relay_writecb(...) [*] redsocks_relay_writecb 中继写入回调
1752723705.572615 notice redsocks.c:694 redsocks_relay_relayreadcb(...) [*] redsocks_relay_relayreadcb 中继读取回调包装
1752723705.572619 notice redsocks.c:648 redsocks_relay_readcb(...) [*] redsocks_relay_readcb 中继读取回调
1752723705.572671 notice redsocks.c:669 redsocks_relay_writecb(...) [*] redsocks_relay_writecb 中继写入回调
1752723705.572684 notice redsocks.c:694 redsocks_relay_relayreadcb(...) [*] redsocks_relay_relayreadcb 中继读取回调包装
1752723705.572689 notice redsocks.c:648 redsocks_relay_readcb(...) [*] redsocks_relay_readcb 中继读取回调
1752723705.572738 notice redsocks.c:669 redsocks_relay_writecb(...) [*] redsocks_relay_writecb 中继写入回调
1752723705.573003 notice redsocks.c:694 redsocks_relay_relayreadcb(...) [*] redsocks_relay_relayreadcb 中继读取回调包装
1752723705.573013 notice redsocks.c:648 redsocks_relay_readcb(...) [*] redsocks_relay_readcb 中继读取回调
1752723705.573040 notice redsocks.c:694 redsocks_relay_relayreadcb(...) [*] redsocks_relay_relayreadcb 中继读取回调包装
1752723705.573045 notice redsocks.c:648 redsocks_relay_readcb(...) [*] redsocks_relay_readcb 中继读取回调
1752723705.573076 notice redsocks.c:669 redsocks_relay_writecb(...) [*] redsocks_relay_writecb 中继写入回调
1752723705.573104 notice redsocks.c:669 redsocks_relay_writecb(...) [*] redsocks_relay_writecb 中继写入回调
1752723705.573115 notice redsocks.c:694 redsocks_relay_relayreadcb(...) [*] redsocks_relay_relayreadcb 中继读取回调包装
1752723705.573118 notice redsocks.c:648 redsocks_relay_readcb(...) [*] redsocks_relay_readcb 中继读取回调
1752723705.573142 notice redsocks.c:669 redsocks_relay_writecb(...) [*] redsocks_relay_writecb 中继写入回调
1752723705.573151 notice redsocks.c:694 redsocks_relay_relayreadcb(...) [*] redsocks_relay_relayreadcb 中继读取回调包装
1752723705.573154 notice redsocks.c:648 redsocks_relay_readcb(...) [*] redsocks_relay_readcb 中继读取回调
1752723705.573178 notice redsocks.c:669 redsocks_relay_writecb(...) [*] redsocks_relay_writecb 中继写入回调
1752723705.817581 notice redsocks.c:694 redsocks_relay_relayreadcb(...) [*] redsocks_relay_relayreadcb 中继读取回调包装
1752723705.817637 notice redsocks.c:648 redsocks_relay_readcb(...) [*] redsocks_relay_readcb 中继读取回调
1752723705.817809 notice redsocks.c:694 redsocks_relay_relayreadcb(...) [*] redsocks_relay_relayreadcb 中继读取回调包装
1752723705.817818 notice redsocks.c:648 redsocks_relay_readcb(...) [*] redsocks_relay_readcb 中继读取回调
1752723705.817903 notice redsocks.c:669 redsocks_relay_writecb(...) [*] redsocks_relay_writecb 中继写入回调
1752723705.817947 notice redsocks.c:669 redsocks_relay_writecb(...) [*] redsocks_relay_writecb 中继写入回调
1752723705.817960 notice redsocks.c:694 redsocks_relay_relayreadcb(...) [*] redsocks_relay_relayreadcb 中继读取回调包装
1752723705.817964 notice redsocks.c:648 redsocks_relay_readcb(...) [*] redsocks_relay_readcb 中继读取回调
1752723705.818001 notice redsocks.c:669 redsocks_relay_writecb(...) [*] redsocks_relay_writecb 中继写入回调
1752723705.818013 notice redsocks.c:694 redsocks_relay_relayreadcb(...) [*] redsocks_relay_relayreadcb 中继读取回调包装
1752723705.818020 notice redsocks.c:648 redsocks_relay_readcb(...) [*] redsocks_relay_readcb 中继读取回调
1752723705.818075 notice redsocks.c:669 redsocks_relay_writecb(...) [*] redsocks_relay_writecb 中继写入回调
1752723705.818090 notice redsocks.c:694 redsocks_relay_relayreadcb(...) [*] redsocks_relay_relayreadcb 中继读取回调包装
1752723705.818096 notice redsocks.c:648 redsocks_relay_readcb(...) [*] redsocks_relay_readcb 中继读取回调
1752723705.818139 notice redsocks.c:669 redsocks_relay_writecb(...) [*] redsocks_relay_writecb 中继写入回调
1752723705.818413 notice redsocks.c:694 redsocks_relay_relayreadcb(...) [*] redsocks_relay_relayreadcb 中继读取回调包装
1752723705.818422 notice redsocks.c:648 redsocks_relay_readcb(...) [*] redsocks_relay_readcb 中继读取回调
1752723705.818433 notice redsocks.c:694 redsocks_relay_relayreadcb(...) [*] redsocks_relay_relayreadcb 中继读取回调包装
1752723705.818437 notice redsocks.c:648 redsocks_relay_readcb(...) [*] redsocks_relay_readcb 中继读取回调
1752723705.818462 notice redsocks.c:669 redsocks_relay_writecb(...) [*] redsocks_relay_writecb 中继写入回调
1752723705.818491 notice redsocks.c:669 redsocks_relay_writecb(...) [*] redsocks_relay_writecb 中继写入回调
1752723705.818500 notice redsocks.c:694 redsocks_relay_relayreadcb(...) [*] redsocks_relay_relayreadcb 中继读取回调包装
1752723705.818512 notice redsocks.c:648 redsocks_relay_readcb(...) [*] redsocks_relay_readcb 中继读取回调
1752723705.818538 notice redsocks.c:669 redsocks_relay_writecb(...) [*] redsocks_relay_writecb 中继写入回调
1752723705.818547 notice redsocks.c:694 redsocks_relay_relayreadcb(...) [*] redsocks_relay_relayreadcb 中继读取回调包装
1752723705.818550 notice redsocks.c:648 redsocks_relay_readcb(...) [*] redsocks_relay_readcb 中继读取回调
1752723705.818573 notice redsocks.c:669 redsocks_relay_writecb(...) [*] redsocks_relay_writecb 中继写入回调
1752723705.819696 notice redsocks.c:648 redsocks_relay_readcb(...) [*] redsocks_relay_readcb 中继读取回调
1752723705.819776 notice redsocks.c:706 redsocks_relay_relaywritecb(...) [*] redsocks_relay_relaywritecb 中继写入回调包装
1752723705.819785 notice redsocks.c:669 redsocks_relay_writecb(...) [*] redsocks_relay_writecb 中继写入回调
1752723705.820264 notice redsocks.c:1523 redsocks_event_error(...) [*] redsocks_event_error 错误事件回调
1752723705.820297 notice redsocks.c:1449 redsocks_shutdown(...) [*] redsocks_shutdown  关闭连接的一端或两端
1752723705.820307 notice redsocks.c:1449 redsocks_shutdown(...) [*] redsocks_shutdown  关闭连接的一端或两端
1752723705.820367 notice redsocks.c:1523 redsocks_event_error(...) [*] redsocks_event_error 错误事件回调
1752723705.820377 notice redsocks.c:1449 redsocks_shutdown(...) [*] redsocks_shutdown  关闭连接的一端或两端
1752723705.820383 notice redsocks.c:1449 redsocks_shutdown(...) [*] redsocks_shutdown  关闭连接的一端或两端
1752723705.820500 notice redsocks.c:1363 redsocks_drop_client(...) [*] redsocks_drop_client 关闭客户端连接
1752723707.360430 notice main.c:197 main(...) redsocks goes down 结束
